C51 COMPILER V9.60.0.0   MAIN                                                              01/12/2022 11:57:34 PAGE 1   


C51 COMPILER V9.60.0.0, COMPILATION OF MODULE MAIN
OBJECT MODULE PLACED IN main.OBJ
COMPILER INVOKED BY: C:\Keil_v5\C51\BIN\C51.EXE main.c OPTIMIZE(8,SPEED) BROWSE DEBUG OBJECTEXTEND TABS(2)

line level    source

   1          /*****************************************************************************
   2          h e i n r i c h -h e r t z -b e r u f s k o l l e g  d e r  s t a d t  b o n n
   3          Autor:      Friedjof Noweck
   4          Klasse:     IH119
   5          Datum:      
   6          Datei:      
   7          Einsatz:    
   8          Beschreibung: 
   9          Funktionen:   
  10          ******************************************************************************
  11          Aenderungen:
  12          
  13          *****************************************************************************/
  14          /******************* Text im Quelltext einbinden *********************/
  15          #include "REG517A.h"
  16          
  17          /*************************** Konstanten ******************************/
  18          
  19          
  20          /*********************** globale Variablen ***************************/
  21          unsigned long int millis = 0;
  22          
  23          /************************** Prototypen *******************************/
  24          
  25          
  26          /************************ Hauptprogramm ******************************/
  27          
  28          /*****************************************************************************
  29          h e i n r i c h -h e r t z -b e r u f s k o l l e g  d e r  s t a d t  b o n n
  30          Autor:      Meyer
  31          Klasse:     IH119
  32          Datum:      1.12.2021   
  33          Datei:      main.c
  34          Einsatz:    Testprogr für Timer0  
  35          Beschreibung: 
  36          Funktionen:   
  37          ******************************************************************************
  38          Aenderungen:
  39          
  40          *****************************************************************************/
  41          /******************* Text im Quelltext einbinden *********************/
  42          #include "REG517A.h"
  43          
  44          /*************************** Konstanten ******************************/
  45          
  46          
  47          /*********************** globale Variablen ***************************/
  48          // ms since startup
  49          unsigned long int milliCounter = 0;
  50          
  51          /************************** Prototypen *******************************/
  52          void IRQ_Timer0();
  53          unsigned long int milli();
  54          
  55          /************************ Hauptprogramm ******************************/
C51 COMPILER V9.60.0.0   MAIN                                                              01/12/2022 11:57:34 PAGE 2   

  56          
  57          void main()
  58          {
  59   1        //Timer0 konfigurieren
  60   1        TR0 = 0; //ausgeschaltet
  61   1        TF0 = 0; //Überlauf zurückgesetzt
  62   1        IT0 = 0; //IR gelöscht
  63   1        TMOD = 0x01;//Timer1: Timer, 8bit prescale, Timer0: Timer, 16bit
  64   1        
  65   1        //Startwert 15535 -> 0x3CAF
  66   1        //Startwert 55535 -> 0xD8EF
  67   1        TL0 = 0xD8;
  68   1        TH0 = 0xEF;
  69   1        
  70   1        //IR System konfigurieren
  71   1        ET0 = 1; //IR für Timer0 aktiv
  72   1        EAL = 0; //Alles aus
  73   1        
  74   1        while(1)
  75   1        {
  76   2          EAL = 1;//Interrupts aktivieren
  77   2          TR0 = 1; // Timer0 aktiv!!
  78   2          
  79   2          milliCounter = milli();
  80   2        }
  81   1      }
  82          
  83          void IRQ_Timer0() interrupt 1
  84          {
  85   1        TR0 = 0;
  86   1        EAL = 0;
  87   1        
  88   1        milliCounter++;
  89   1        
  90   1        TL0 = 0xD8;
  91   1        TH0 = 0xEF;
  92   1        
  93   1        EAL = 1;
  94   1        TR0 = 1;
  95   1      }
  96          
  97          
  98          unsigned long int milli()
  99          {
 100   1        return milliCounter;
 101   1      }


MODULE INFORMATION:   STATIC OVERLAYABLE
   CODE SIZE        =     89    ----
   CONSTANT SIZE    =   ----    ----
   XDATA SIZE       =   ----    ----
   PDATA SIZE       =   ----    ----
   DATA SIZE        =      8    ----
   IDATA SIZE       =   ----    ----
   BIT SIZE         =   ----    ----
END OF MODULE INFORMATION.


C51 COMPILATION COMPLETE.  0 WARNING(S),  0 ERROR(S)
